{
  "ff3f81c7d06bc6a8cba4ab4792d5522f" : {
    "statistic" : {
      "failed" : 0,
      "broken" : 1,
      "skipped" : 0,
      "passed" : 0,
      "unknown" : 0,
      "total" : 1
    },
    "items" : [ {
      "uid" : "89f68a0a6de674fa",
      "status" : "broken",
      "statusDetails" : "selenium.common.exceptions.WebDriverException: Message: unknown error: call function result missing 'value'\n  (Session info: chrome=88.0.4324.96)\n  (Driver info: chromedriver=2.34.522932 (4140ab217e1ca1bec0c4b4d1b148f3361eb3a03e),platform=Mac OS X 10.15.7 x86_64)",
      "time" : {
        "start" : 1612450376156,
        "stop" : 1612450386911,
        "duration" : 10755
      }
    } ]
  },
  "ddd875a50d786e8f6888e6b35ce907bf" : {
    "statistic" : {
      "failed" : 0,
      "broken" : 1,
      "skipped" : 0,
      "passed" : 0,
      "unknown" : 0,
      "total" : 1
    },
    "items" : [ {
      "uid" : "dc27e44be9f599f1",
      "status" : "broken",
      "statusDetails" : "selenium.common.exceptions.WebDriverException: Message: unknown error: call function result missing 'value'\n  (Session info: chrome=88.0.4324.96)\n  (Driver info: chromedriver=2.34.522932 (4140ab217e1ca1bec0c4b4d1b148f3361eb3a03e),platform=Mac OS X 10.15.7 x86_64)",
      "time" : {
        "start" : 1612450362382,
        "stop" : 1612450372469,
        "duration" : 10087
      }
    } ]
  }
}